simplezxing/build/intermediates/proguard-rules/release/aapt_rules.txt
# view AndroidManifest.xml #generated:18
-keep class com.acker.simplezxing.activity.CaptureActivity { <init>(...); }

# view res/layout/capture.xml #generated:22
-keep class com.acker.simplezxing.view.ViewfinderView { <init>(...); }