simplezxing/build/outputs/mapping/release/mapping.txt
com.google.zxing.common.HybridBinarizer -> com.a.a.b.j:
    com.google.zxing.common.BitMatrix matrix -> a
    void <init>(com.google.zxing.LuminanceSource) -> <init>
    com.google.zxing.common.BitMatrix getBlackMatrix() -> b
    com.google.zxing.Binarizer createBinarizer(com.google.zxing.LuminanceSource) -> a
    void calculateThresholdForBlock(byte[],int,int,int,int,int[][],com.google.zxing.common.BitMatrix) -> a
    int cap(int,int,int) -> a
    void thresholdBlock(byte[],int,int,int,int,com.google.zxing.common.BitMatrix) -> a
    int[][] calculateBlackPoints(byte[],int,int,int,int) -> a
com.google.zxing.common.PerspectiveTransform -> com.a.a.b.k:
    float a11 -> a
    float a12 -> b
    float a13 -> c
    float a21 -> d
    float a22 -> e
    float a23 -> f
    float a31 -> g
    float a32 -> h
    float a33 -> i
    void <init>(float,float,float,float,float,float,float,float,float) -> <init>
    com.google.zxing.common.PerspectiveTransform quadrilateralToQuadrilateral(float,float,float,float,float,float,float,float,float,float,float,float,float,float,float,float) -> a
    void transformPoints(float[]) -> a
    com.google.zxing.common.PerspectiveTransform squareToQuadrilateral(float,float,float,float,float,float,float,float) -> a
    com.google.zxing.common.PerspectiveTransform quadrilateralToSquare(float,float,float,float,float,float,float,float) -> b
    com.google.zxing.common.PerspectiveTransform buildAdjoint() -> a
    com.google.zxing.common.PerspectiveTransform times(com.google.zxing.common.PerspectiveTransform) -> a
com.google.zxing.common.StringUtils -> com.a.a.b.l:
    java.lang.String PLATFORM_DEFAULT_ENCODING -> a
    boolean ASSUME_SHIFT_JIS -> b
    java.lang.String guessEncoding(byte[],java.util.Map) -> a
    void <clinit>() -> <clinit>
com.google.zxing.common.detector.MathUtils -> com.a.a.b.a.a:
    int round(float) -> a
    float distance(float,float,float,float) -> a
    float distance(int,int,int,int) -> a
    int sum(int[]) -> a
com.google.zxing.common.detector.WhiteRectangleDetector -> com.a.a.b.a.b:
    com.google.zxing.common.BitMatrix image -> a
    int height -> b
    int width -> c
    int leftInit -> d
    int rightInit -> e
    int downInit -> f
    int upInit -> g
    void <init>(com.google.zxing.common.BitMatrix) -> <init>
    void <init>(com.google.zxing.common.BitMatrix,int,int,int) -> <init>
    com.google.zxing.ResultPoint[] detect() -> a
    com.google.zxing.ResultPoint getBlackPointOnSegment(float,float,float,float) -> a
    com.google.zxing.ResultPoint[] centerEdges(com.google.zxing.ResultPoint,com.google.zxing.ResultPoint,com.google.zxing.ResultPoint,com.google.zxing.ResultPoint) -> a
    boolean containsBlackPoint(int,int,int,boolean) -> a