simplezxing/build/outputs/mapping/release/usage.txt
com.google.zxing.oned.Code128Reader:
    private static final float MAX_AVG_VARIANCE
    private static final float MAX_INDIVIDUAL_VARIANCE
    private static final int CODE_SHIFT
    private static final int CODE_CODE_C
    private static final int CODE_CODE_B
    private static final int CODE_CODE_A
    private static final int CODE_FNC_1
    private static final int CODE_FNC_2
    private static final int CODE_FNC_3
    private static final int CODE_FNC_4_A
    private static final int CODE_FNC_4_B
    private static final int CODE_START_A
    private static final int CODE_START_B
    private static final int CODE_START_C
    private static final int CODE_STOP
com.google.zxing.oned.Code128Writer
com.google.zxing.oned.Code128Writer$CType
com.google.zxing.oned.Code39Reader:
    static final java.lang.String ALPHABET_STRING
    private static final java.lang.String CHECK_DIGIT_STRING
com.google.zxing.oned.Code39Writer
com.google.zxing.oned.Code93Reader:
    static final java.lang.String ALPHABET_STRING
com.google.zxing.oned.Code93Writer
com.google.zxing.oned.EAN13Writer
com.google.zxing.oned.EAN8Writer
com.google.zxing.oned.ITFReader:
    private static final float MAX_AVG_VARIANCE
    private static final float MAX_INDIVIDUAL_VARIANCE
    private static final int W
    private static final int N
com.google.zxing.oned.ITFWriter
com.google.zxing.oned.OneDReader:
    46:46:public com.google.zxing.Result decode(com.google.zxing.BinaryBitmap)
com.google.zxing.oned.OneDimensionalCodeWriter
com.google.zxing.oned.UPCAReader:
    57:57:public com.google.zxing.Result decode(com.google.zxing.BinaryBitmap)
com.google.zxing.oned.UPCAWriter
com.google.zxing.oned.UPCEANReader:
    private static final float MAX_AVG_VARIANCE
    private static final float MAX_INDIVIDUAL_VARIANCE
com.google.zxing.oned.UPCEANWriter
com.google.zxing.oned.UPCEWriter
com.google.zxing.oned.rss.AbstractRSSReader:
    private static final float MAX_AVG_VARIANCE
    private static final float MAX_INDIVIDUAL_VARIANCE
    private static final float MIN_FINDER_PATTERN_RATIO
    private static final float MAX_FINDER_PATTERN_RATIO
    93:93:protected static int count(int[])
com.google.zxing.oned.rss.RSSUtils:
    22:22:private RSSUtils()
com.google.zxing.oned.rss.expanded.BitArrayBuilder:
    39:40:private BitArrayBuilder()
com.google.zxing.oned.rss.expanded.ExpandedPair:
    53:53:boolean mayBeLast()
com.google.zxing.oned.rss.expanded.ExpandedRow:
    47:47:boolean isReversed()
com.google.zxing.oned.rss.expanded.RSSExpandedReader:
    private static final int FINDER_PAT_A
    private static final int FINDER_PAT_B
    private static final int FINDER_PAT_C
    private static final int FINDER_PAT_D
    private static final int FINDER_PAT_E
    private static final int FINDER_PAT_F
    private static final int MAX_PAIRS
    355:355:java.util.List getRows()
com.google.zxing.oned.rss.expanded.decoders.AI01392xDecoder:
    private static final int HEADER_SIZE
    private static final int LAST_DIGIT_SIZE
com.google.zxing.oned.rss.expanded.decoders.AI01393xDecoder:
    private static final int HEADER_SIZE
    private static final int LAST_DIGIT_SIZE
    private static final int FIRST_THREE_DIGITS_SIZE
com.google.zxing.oned.rss.expanded.decoders.AI013x0x1xDecoder:
    private static final int HEADER_SIZE
    private static final int WEIGHT_SIZE
    private static final int DATE_SIZE
com.google.zxing.oned.rss.expanded.decoders.AI013x0xDecoder:
    private static final int HEADER_SIZE
    private static final int WEIGHT_SIZE
com.google.zxing.oned.rss.expanded.decoders.AI01AndOtherAIs:
    private static final int HEADER_SIZE
com.google.zxing.oned.rss.expanded.decoders.AI01decoder:
    static final int GTIN_SIZE
com.google.zxing.oned.rss.expanded.decoders.AnyAIDecoder:
    private static final int HEADER_SIZE
com.google.zxing.oned.rss.expanded.decoders.CurrentParsingState:
    65:65:boolean isNumeric()